# JRE version: Java(TM) SE Runtime Environment (8.0_20-b26) (build 1.8.0_20-b26)
# Java VM: Java HotSpot(TM) 64-Bit Server VM (25.20-b23 mixed mode windows-amd64 compressed oops)
Heap:
 PSYoungGen      total 205312K, used 67854K [0x00000000eab00000, 0x00000000f9b00000, 0x0000000100000000)
  eden space 184832K, 25% used [0x00000000eab00000,0x00000000ed946230,0x00000000f5f80000)
  from space 20480K, 99% used [0x00000000f7a00000,0x00000000f8dfd9b0,0x00000000f8e00000)
  to   space 27136K, 0% used [0x00000000f5f80000,0x00000000f5f80000,0x00000000f7a00000)
 ParOldGen       total 64512K, used 42012K [0x00000000c0000000, 0x00000000c3f00000, 0x00000000eab00000)
  object space 64512K, 65% used [0x00000000c0000000,0x00000000c2907038,0x00000000c3f00000)
 Metaspace       used 6378K, capacity 7218K, committed 7296K, reserved 1056768K
  class space    used 604K, capacity 618K, committed 640K, reserved 1048576K
GC Heap History (10 events):
Event: 2.033 GC heap before
{Heap before GC invocations=4 (full 0):
 PSYoungGen      total 28160K, used 28152K [0x00000000eab00000, 0x00000000ee200000, 0x0000000100000000)
  eden space 24576K, 100% used [0x00000000eab00000,0x00000000ec300000,0x00000000ec300000)
  from space 3584K, 99% used [0x00000000ec300000,0x00000000ec67e028,0x00000000ec680000)
  to   space 3584K, 0% used [0x00000000ede80000,0x00000000ede80000,0x00000000ee200000)
 ParOldGen       total 64512K, used 9262K [0x00000000c0000000, 0x00000000c3f00000, 0x00000000eab00000)
  object space 64512K, 14% used [0x00000000c0000000,0x00000000c090bad0,0x00000000c3f00000)
 Metaspace       used 6146K, capacity 7152K, committed 7296K, reserved 1056768K
  class space    used 584K, capacity 616K, committed 640K, reserved 1048576K
Event: 2.053 GC heap after
Heap after GC invocations=4 (full 0):
 PSYoungGen      total 52736K, used 3578K [0x00000000eab00000, 0x00000000ee200000, 0x0000000100000000)
  eden space 49152K, 0% used [0x00000000eab00000,0x00000000eab00000,0x00000000edb00000)
  from space 3584K, 99% used [0x00000000ede80000,0x00000000ee1feab0,0x00000000ee200000)
  to   space 3584K, 0% used [0x00000000edb00000,0x00000000edb00000,0x00000000ede80000)
 ParOldGen       total 64512K, used 13170K [0x00000000c0000000, 0x00000000c3f00000, 0x00000000eab00000)
  object space 64512K, 20% used [0x00000000c0000000,0x00000000c0cdc960,0x00000000c3f00000)
 Metaspace       used 6146K, capacity 7152K, committed 7296K, reserved 1056768K
  class space    used 584K, capacity 616K, committed 640K, reserved 1048576K
}
Event: 2.567 GC heap before
{Heap before GC invocations=5 (full 0):
 PSYoungGen      total 52736K, used 52730K [0x00000000eab00000, 0x00000000ee200000, 0x0000000100000000)
  eden space 49152K, 100% used [0x00000000eab00000,0x00000000edb00000,0x00000000edb00000)
  from space 3584K, 99% used [0x00000000ede80000,0x00000000ee1feab0,0x00000000ee200000)
  to   space 3584K, 0% used [0x00000000edb00000,0x00000000edb00000,0x00000000ede80000)
 ParOldGen       total 64512K, used 13170K [0x00000000c0000000, 0x00000000c3f00000, 0x00000000eab00000)
  object space 64512K, 20% used [0x00000000c0000000,0x00000000c0cdc960,0x00000000c3f00000)
 Metaspace       used 6255K, capacity 7154K, committed 7296K, reserved 1056768K
  class space    used 604K, capacity 618K, committed 640K, reserved 1048576K
Event: 2.590 GC heap after
Heap after GC invocations=5 (full 0):
 PSYoungGen      total 52736K, used 3555K [0x00000000eab00000, 0x00000000f1f00000, 0x0000000100000000)
  eden space 49152K, 0% used [0x00000000eab00000,0x00000000eab00000,0x00000000edb00000)
  from space 3584K, 99% used [0x00000000edb00000,0x00000000ede78e68,0x00000000ede80000)
  to   space 10240K, 0% used [0x00000000f1500000,0x00000000f1500000,0x00000000f1f00000)
 ParOldGen       total 64512K, used 19781K [0x00000000c0000000, 0x00000000c3f00000, 0x00000000eab00000)
  object space 64512K, 30% used [0x00000000c0000000,0x00000000c1351450,0x00000000c3f00000)
 Metaspace       used 6255K, capacity 7154K, committed 7296K, reserved 1056768K
  class space    used 604K, capacity 618K, committed 640K, reserved 1048576K
}
Event: 2.932 GC heap before
{Heap before GC invocations=6 (full 0):
 PSYoungGen      total 52736K, used 52707K [0x00000000eab00000, 0x00000000f1f00000, 0x0000000100000000)
  eden space 49152K, 100% used [0x00000000eab00000,0x00000000edb00000,0x00000000edb00000)
  from space 3584K, 99% used [0x00000000edb00000,0x00000000ede78e68,0x00000000ede80000)
  to   space 10240K, 0% used [0x00000000f1500000,0x00000000f1500000,0x00000000f1f00000)
 ParOldGen       total 64512K, used 19781K [0x00000000c0000000, 0x00000000c3f00000, 0x00000000eab00000)
  object space 64512K, 30% used [0x00000000c0000000,0x00000000c1351450,0x00000000c3f00000)
 Metaspace       used 6325K, capacity 7218K, committed 7296K, reserved 1056768K
  class space    used 604K, capacity 618K, committed 640K, reserved 1048576K
Event: 2.976 GC heap after
Heap after GC invocations=6 (full 0):
 PSYoungGen      total 105984K, used 10215K [0x00000000eab00000, 0x00000000f2400000, 0x0000000100000000)
  eden space 95744K, 0% used [0x00000000eab00000,0x00000000eab00000,0x00000000f0880000)
  from space 10240K, 99% used [0x00000000f1500000,0x00000000f1ef9ee8,0x00000000f1f00000)
  to   space 12800K, 0% used [0x00000000f0880000,0x00000000f0880000,0x00000000f1500000)
 ParOldGen       total 64512K, used 22315K [0x00000000c0000000, 0x00000000c3f00000, 0x00000000eab00000)
  object space 64512K, 34% used [0x00000000c0000000,0x00000000c15cae60,0x00000000c3f00000)
 Metaspace       used 6325K, capacity 7218K, committed 7296K, reserved 1056768K
  class space    used 604K, capacity 618K, committed 640K, reserved 1048576K
}
Event: 3.620 GC heap before
{Heap before GC invocations=7 (full 0):
 PSYoungGen      total 105984K, used 105959K [0x00000000eab00000, 0x00000000f2400000, 0x0000000100000000)
  eden space 95744K, 100% used [0x00000000eab00000,0x00000000f0880000,0x00000000f0880000)
  from space 10240K, 99% used [0x00000000f1500000,0x00000000f1ef9ee8,0x00000000f1f00000)
  to   space 12800K, 0% used [0x00000000f0880000,0x00000000f0880000,0x00000000f1500000)
 ParOldGen       total 64512K, used 22315K [0x00000000c0000000, 0x00000000c3f00000, 0x00000000eab00000)
  object space 64512K, 34% used [0x00000000c0000000,0x00000000c15cae60,0x00000000c3f00000)
 Metaspace       used 6348K, capacity 7218K, committed 7296K, reserved 1056768K
  class space    used 604K, capacity 618K, committed 640K, reserved 1048576K
Event: 3.663 GC heap after
Heap after GC invocations=7 (full 0):
 PSYoungGen      total 108544K, used 12771K [0x00000000eab00000, 0x00000000f8e00000, 0x0000000100000000)
  eden space 95744K, 0% used [0x00000000eab00000,0x00000000eab00000,0x00000000f0880000)
  from space 12800K, 99% used [0x00000000f0880000,0x00000000f14f8c10,0x00000000f1500000)
  to   space 20480K, 0% used [0x00000000f7a00000,0x00000000f7a00000,0x00000000f8e00000)
 ParOldGen       total 64512K, used 34256K [0x00000000c0000000, 0x00000000c3f00000, 0x00000000eab00000)
  object space 64512K, 53% used [0x00000000c0000000,0x00000000c2174088,0x00000000c3f00000)
 Metaspace       used 6348K, capacity 7218K, committed 7296K, reserved 1056768K
  class space    used 604K, capacity 618K, committed 640K, reserved 1048576K
}
Event: 4.406 GC heap before
{Heap before GC invocations=8 (full 0):
 PSYoungGen      total 108544K, used 108515K [0x00000000eab00000, 0x00000000f8e00000, 0x0000000100000000)
  eden space 95744K, 100% used [0x00000000eab00000,0x00000000f0880000,0x00000000f0880000)
  from space 12800K, 99% used [0x00000000f0880000,0x00000000f14f8c10,0x00000000f1500000)
  to   space 20480K, 0% used [0x00000000f7a00000,0x00000000f7a00000,0x00000000f8e00000)
 ParOldGen       total 64512K, used 34256K [0x00000000c0000000, 0x00000000c3f00000, 0x00000000eab00000)
  object space 64512K, 53% used [0x00000000c0000000,0x00000000c2174088,0x00000000c3f00000)
 Metaspace       used 6372K, capacity 7218K, committed 7296K, reserved 1056768K
  class space    used 604K, capacity 618K, committed 640K, reserved 1048576K
Event: 4.469 GC heap after
Heap after GC invocations=8 (full 0):
 PSYoungGen      total 205312K, used 20470K [0x00000000eab00000, 0x00000000f9b00000, 0x0000000100000000)
  eden space 184832K, 0% used [0x00000000eab00000,0x00000000eab00000,0x00000000f5f80000)
  from space 20480K, 99% used [0x00000000f7a00000,0x00000000f8dfd9b0,0x00000000f8e00000)
  to   space 27136K, 0% used [0x00000000f5f80000,0x00000000f5f80000,0x00000000f7a00000)
 ParOldGen       total 64512K, used 42012K [0x00000000c0000000, 0x00000000c3f00000, 0x00000000eab00000)
  object space 64512K, 65% used [0x00000000c0000000,0x00000000c2907038,0x00000000c3f00000)
 Metaspace       used 6372K, capacity 7218K, committed 7296K, reserved 1056768K
  class space    used 604K, capacity 618K, committed 640K, reserved 1048576K
}

